2 8395239 2104376 0.8902 0.0000 3 2 0 2 23 23 2 1.60
3 12595661 2465434 0.9713 0.0000 4 3 1 3 15 15 3 2.40
4 16798299 2791713 0.9806 0.0000 5 4 2 4 13 13 4 3.20
5 21003280 3255451 0.9779 0.0000 6 5 2 5 16 16 5 4.00
6 25210789 3854690 0.9762 0.0000 7 6 3 6 18 18 6 4.81
7 29420793 4256865 0.9863 0.0000 8 7 3 7 19 19 7 5.61
8 33633389 4779744 0.9845 0.0000 9 8 4 8 22 22 8 6.41
9 37848656 5138641 0.9905 0.0000 10 9 4 9 18 18 9 7.22
10 42066411 5531072 0.9907 0.0000 11 10 5 10 19 19 10 8.02
11 46286853 5953807 0.9909 0.0000 12 11 5 11 20 20 11 8.83
12 50510041 6290974 0.9933 0.0000 13 12 6 12 19 19 12 9.63
13 54735840 6693631 0.9926 0.0000 14 13 6 13 21 21 13 10.44
14 58964412 7096699 0.9932 0.0000 15 14 7 14 21 21 14 11.24
15 63195771 7477477 0.9940 0.0000 16 15 7 15 23 23 15 12.05
16 67430094 7777985 0.9955 0.0000 17 16 8 16 19 19 16 12.86
17 71667196 8144999 0.9949 0.0000 18 17 8 17 20 20 17 13.67
18 75907151 8596636 0.9941 0.0000 19 18 9 18 22 22 18 14.47
19 80149998 9044023 0.9944 0.0000 20 19 9 19 23 23 19 15.27
20 84395761 9401459 0.9958 0.0000 21 20 10 20 21 21 20 16.08
21 88644439 9803821 0.9955 0.0000 22 21 10 21 22 22 21 16.90
22 92896106 10104689 0.9968 0.0000 23 22 11 22 20 20 22 17.71
23 97150584 10535623 0.9956 0.0000 24 23 11 23 23 23 23 18.53
24 101408083 10940827 0.9960 0.0000 25 24 12 24 28 28 24 19.34
25 105668841 11320441 0.9964 0.0000 26 25 12 25 26 26 25 20.15
26 109932620 11737484 0.9962 0.0000 27 26 13 26 23 23 26 20.96
27 114199394 12206480 0.9959 0.0000 28 27 13 27 25 25 27 21.78
28 118469315 12688142 0.9959 0.0000 29 28 14 28 23 23 28 22.59
29 122742089 13136340 0.9963 0.0000 30 29 14 29 24 24 29 23.41
0 122 122 0.0000 0.0000 1 1 0 0 1 1 0 0.00
1 4194895 197199 0.9530 0.0000 2 1 0 1 11 11 1 0.80
2 8392499 528303 0.9605 0.0000 3 2 1 2 13 13 2 1.60
3 12592599 1058867 0.9579 0.0000 4 3 2 3 17 17 3 2.40
4 16795242 1789002 0.9565 0.0000 5 4 2 4 19 19 4 3.20
5 21000317 2718733 0.9557 0.0000 6 5 3 5 26 26 5 4.00
6 25208079 3069719 0.9861 0.0000 7 6 3 6 15 15 6 4.81
7 29417961 3416461 0.9882 0.0000 8 7 4 7 14 14 7 5.61
8 33630282 3893683 0.9858 0.0000 9 8 4 8 18 18 8 6.41
9 37845235 4536563 0.9830 0.0000 10 9 5 9 21 21 9 7.22
10 42062819 5258872 0.9828 0.0000 11 10 5 10 24 24 10 8.02
11 46283058 5636422 0.9918 0.0000 12 11 6 11 18 18 11 8.83
12 50505684 6045389 0.9919 0.0000 13 12 7 12 18 18 12 9.63
13 54730850 6462338 0.9924 0.0000 14 13 7 13 20 20 13 10.44
0 177 177 0.0000 0.0000 1 1 0 0 1 1 0 0.00
1 177 177 1.0000 0.0000 1 1 0 1 0 0 1 0.00
2 177 177 1.0000 0.0000 1 1 0 1 0 0 1 0.00
3 177 177 1.0000 0.0000 1 1 0 1 0 0 1 0.00
4 177 177 1.0000 0.0000 1 1 0 1 0 0 1 0.00
5 177 177 1.0000 0.0000 1 1 0 1 0 0 1 0.00
6 177 177 1.0000 0.0000 1 1 0 1 0 0 1 0.00
7 177 177 1.0000 0.0000 1 1 0 1 0 0 1 0.00
8 177 177 1.0000 0.0000 1 1 0 1 0 0 1 0.00
9 177 177 1.0000 0.0000 1 1 0 1 0 0 1 0.00
10 177 177 1.0000 0.0000 1 1 0 1 0 0 1 0.00
11 177 177 1.0000 0.0000 1 1 0 1 0 0 1 0.00
12 177 177 1.0000 0.0000 1 1 0 1 0 0 1 0.00
13 177 177 1.0000 0.0000 1 1 0 1 0 0 1 0.00
14 1001000 1001177 0.0000 0.0000 1 1 0 0 254 254 0 0.19
15 1001001 1001825 0.9994 0.0000 2 2 0 1 1 1 1 0.19
16 1001001 1001825 1.0000 0.0000 2 2 1 2 0 0 2 0.19
17 1001001 1001825 1.0000 0.0000 2 2 1 2 0 0 2 0.19
18 1001001 1001825 1.0000 0.0000 2 2 1 2 0 0 2 0.19
19 1001002 1003596 0.9982 0.0000 3 3 1 2 1 1 2 0.19
20 1001002 1003596 1.0000 0.0000 3 3 2 3 0 0 3 0.19
21 1001002 1003596 1.0000 0.0000 3 3 2 3 0 0 3 0.19
22 1001002 1003596 1.0000 0.0000 3 3 2 3 0 0 3 0.19
23 1001002 1003596 1.0000 0.0000 3 3 2 3 0 0 3 0.19
24 1001002 1003596 1.0000 0.0000 3 3 2 3 0 0 3 0.19
25 1001002 1003596 1.0000 0.0000 3 3 2 3 0 0 3 0.19
26 1001002 1003596 1.0000 0.0000 3 3 2 3 0 0 3 0.19
27 1001002 1003596 1.0000 0.0000 3 3 2 3 0 0 3 0.19
28 1001002 1003596 1.0000 0.0000 3 3 2 3 0 0 3 0.19
29 1001002 1003596 1.0000 0.0000 3 3 2 3 0 0 3 0.19
30 1001002 1003596 1.0000 0.0000 3 3 2 3 0 0 3 0.19
31 1001009 1004251 0.9993 0.0000 3 3 1 2 1 1 2 0.19
32 1001009 1004251 1.0000 0.0000 3 3 2 3 0 0 3 0.19
33 1001009 1004251 1.0000 0.0000 3 3 2 3 0 0 3 0.19
34 1001009 1004251 1.0000 0.0000 3 3 2 3 0 0 3 0.19
35 1001009 1004251 1.0000 0.0000 3 3 2 3 0 0 3 0.19
36 1001009 1004251 1.0000 0.0000 3 3 2 3 0 0 3 0.19
37 1001009 1004251 1.0000 0.0000 3 3 2 3 0 0 3 0.19
38 1001009 1004251 1.0000 0.0000 3 3 2 3 0 0 3 0.19
39 1001009 1004251 1.0000 0.0000 3 3 2 3 0 0 3 0.19
40 1001009 1004251 1.0000 0.0000 3 3 2 3 0 0 3 0.19
41 1001001 1004251 1.0000 0.0000 2 2 0 2 0 0 2 0.19
42 1001001 1004251 1.0000 0.0000 2 2 1 2 0 0 2 0.19
43 1001001 1004251 1.0000 0.0000 2 2 1 2 0 0 2 0.19
44 1001001 1004251 1.0000 0.0000 2 2 1 2 0 0 2 0.19
45 1001001 1004251 1.0000 0.0000 2 2 1 2 0 0 2 0.19
46 1001005 1006025 0.9982 0.0000 3 3 1 2 1 1 2 0.19
47 1001018 1006686 0.9993 0.0000 3 3 1 2 1 1 2 0.19
48 1001031 1007360 0.9993 0.0000 3 3 1 2 1 1 2 0.19
49 1001044 1008047 0.9993 0.0000 3 3 1 2 1 1 2 0.19
50 1001057 1008747 0.9993 0.0000 3 3 1 2 1 1 2 0.19
51 1001070 1009460 0.9993 0.0000 3 3 1 2 1 1 2 0.19
52 1001083 1011960 0.9975 0.0000 2 2 0 1 2 2 1 0.19
53 1001083 1011960 1.0000 0.0000 2 2 1 2 0 0 2 0.19
54 1001083 1011960 1.0000 0.0000 2 2 1 2 0 0 2 0.19
55 1001083 1011960 1.0000 0.0000 2 2 1 2 0 0 2 0.19
56 1001083 1011960 1.0000 0.0000 2 2 1 2 0 0 2 0.19
57 1001083 1011960 1.0000 0.0000 2 2 1 2 0 0 2 0.19
58 1001083 1011960 1.0000 0.0000 2 2 1 2 0 0 2 0.19
68 1001083 1011960 1.0000 0.0000 2 2 0 2 0 0 2 0.19
69 1001083 1011960 1.0000 0.0000 2 2 1 2 0 0 2 0.19
70 1001083 1011960 1.0000 0.0000 2 2 1 2 0 0 2 0.19
71 1001000 2012960 0.0000 0.0000 1 1 0 0 16 16 0 0.19
72 1001083 2012960 1.0000 0.0000 2 2 0 2 0 0 2 0.19
73 1001001 3013961 0.0000 0.0000 1 1 0 0 16 16 0 0.19
74 1001000 4014961 0.0000 0.0000 1 1 0 0 16 16 0 0.19
75 1001001 5015962 0.0000 0.0000 1 1 0 0 16 16 0 0.19
76 1001001 5015962 1.0000 0.0000 1 1 0 1 0 0 1 0.19
77 1001000 6016962 0.0000 0.0000 1 1 0 0 232 232 0 0.19
78 1001000 6016962 1.0000 0.0000 1 1 0 1 0 0 1 0.19
79 1001000 6016962 1.0000 0.0000 1 1 0 1 0 0 1 0.19
80 1001000 6016962 1.0000 0.0000 1 1 0 1 0 0 1 0.19
81 1001000 6016962 1.0000 0.0000 1 1 0 1 0 0 1 0.19
82 1001083 6016962 1.0000 0.0000 2 2 0 2 0 0 2 0.19
83 1001000 6016962 1.0000 0.0000 1 1 0 1 0 0 1 0.19
84 1001000 6016962 1.0000 0.0000 1 1 0 1 0 0 1 0.19
85 1001000 6016962 1.0000 0.0000 1 1 0 1 0 0 1 0.19
86 1001000 6016962 1.0000 0.0000 1 1 0 1 0 0 1 0.19
87 1001000 6016962 1.0000 0.0000 1 1 0 1 0 0 1 0.19
88 1001000 6016962 1.0000 0.0000 1 1 0 1 0 0 1 0.19
89 1001000 6016962 1.0000 0.0000 1 1 0 1 0 0 1 0.19
90 1001000 6016962 1.0000 0.0000 1 1 0 1 0 0 1 0.19
91 1001000 6016962 1.0000 0.0000 1 1 0 1 0 0 1 0.19
92 1001000 6016962 1.0000 0.0000 1 1 0 1 0 0 1 0.19
93 1001000 6016962 1.0000 0.0000 1 1 0 1 0 0 1 0.19
94 1001000 6016962 1.0000 0.0000 1 1 0 1 0 0 1 0.19
95 1001000 6016962 1.0000 0.0000 1 1 0 1 0 0 1 0.19
96 1001000 6016962 1.0000 0.0000 1 1 0 1 0 0 1 0.19
97 1001000 6016962 1.0000 0.0000 1 1 0 1 0 0 1 0.19
98 1001000 6016962 1.0000 0.0000 1 1 0 1 0 0 1 0.19
99 1001000 6016962 1.0000 0.0000 1 1 0 1 0 0 1 0.19
100 1001000 6016962 1.0000 0.0000 1 1 0 1 0 0 1 0.19
101 1001000 6016962 1.0000 0.0000 1 1 0 1 0 0 1 0.19
102 1001000 6016962 1.0000 0.0000 1 1 0 1 0 0 1 0.19
103 1001000 6016962 1.0000 0.0000 1 1 0 1 0 0 1 0.19
104 1001000 6016962 1.0000 0.0000 1 1 0 1 0 0 1 0.19
105 1001000 6016962 1.0000 0.0000 1 1 0 1 0 0 1 0.19
106 1001000 6016962 1.0000 0.0000 1 1 0 1 0 0 1 0.19
107 1001000 6016962 1.0000 0.0000 1 1 0 1 0 0 1 0.19
108 1001000 6016962 1.0000 0.0000 1 1 0 1 0 0 1 0.19
109 1001000 6016962 1.0000 0.0000 1 1 0 1 0 0 1 0.19
110 1001000 6016962 1.0000 0.0000 1 1 0 1 0 0 1 0.19
111 1001000 7017962 0.0000 0.0000 1 1 0 16 0 17 16 0.19
112 1001000 7017962 1.0000 0.0000 1 1 0 1 0 1 1 0.19
113 1001000 8018962 0.0000 0.0000 1 1 0 0 224 224 0 0.19
114 1001000 8018962 1.0000 0.0000 1 1 0 1 0 3 1 0.19
115 1001000 8018962 1.0000 0.0000 1 1 0 1 0 3 1 0.19
116 1001000 8018962 1.0000 0.0000 1 1 0 1 0 3 1 0.19
117 1001000 8018962 1.0000 0.0000 1 1 0 1 0 3 1 0.19
118 1001000 8018962 1.0000 0.0000 1 1 0 1 0 3 1 0.19
119 1001000 8018962 1.0000 0.0000 1 1 0 1 0 3 1 0.19
120 1001000 8018962 1.0000 0.0000 1 1 0 1 0 3 1 0.19
121 1001000 8018962 1.0000 0.0000 1 1 0 1 0 3 1 0.19
122 1001000 8018962 1.0000 0.0000 1 1 0 1 0 3 1 0.19
123 1001000 8018962 1.0000 0.0000 1 1 0 1 0 3 1 0.19
124 1001000 8018962 1.0000 0.0000 1 1 0 1 0 3 1 0.19
125 1001000 8018962 1.0000 0.0000 1 1 0 1 0 3 1 0.19
126 1001000 8018962 1.0000 0.0000 1 1 0 1 0 3 1 0.19
127 1001000 8018962 1.0000 0.0000 1 1 0 1 0 3 1 0.19
128 1287028690 1295047652 0.0000 0.0000 310 0 0 0 284981 284981 0 118.39
129 1287028690 1295047652 1.0000 0.0000 310 0 0 267 0 2405 267 245.42
130 1287028690 1295047652 1.0000 0.0000 310 0 0 267 0 2405 267 245.41
131 1287028690 1295047652 1.0000 0.0000 310 0 0 267 0 2405 267 122.72
132 1287028690 1295047652 1.0000 0.0000 310 0 0 267 0 2405 267 122.72
133 1287028690 1295047652 1.0000 0.0000 310 0 0 267 0 2405 267 245.40
134 1287028690 1295047652 1.0000 0.0000 310 0 0 267 0 2405 267 245.42
0 137783777 1432831429 0.0000 0.0000 34 1 0 0 30398 30398 0 26.28
1 137783778 1432831946 1.0000 0.0000 35 2 1 25 1 249 25 26.27
2 137783778 1432831946 1.0000 0.0000 35 2 2 25 0 248 25 26.28
3 137783778 1432831946 1.0000 0.0000 35 2 2 25 0 248 25 26.27
4 137783778 1432831946 1.0000 0.0000 35 2 2 25 0 248 25 26.27
5 137783778 1432831946 1.0000 0.0000 35 2 2 25 0 248 25 26.27
6 137783778 1432831946 1.0000 0.0000 35 2 2 25 0 248 25 26.27
7 137783778 1432831946 1.0000 0.0000 35 2 2 25 0 248 25 26.27
8 137783778 1432831946 1.0000 0.0000 35 2 2 25 0 248 25 26.27
9 137783778 1432831946 1.0000 0.0000 35 2 2 25 0 248 25 26.27
10 137783778 1432831946 1.0000 0.0000 35 2 2 25 0 248 25 26.27
11 137783778 1432831946 1.0000 0.0000 35 2 2 25 0 248 25 26.27
12 137783778 1432831946 1.0000 0.0000 35 2 2 25 0 248 25 26.27
13 137783778 1432831946 1.0000 0.0000 35 2 2 25 0 248 25 26.27
14 137783778 1432831946 1.0000 0.0000 35 2 2 25 0 248 25 26.27
15 137783778 1432831946 1.0000 0.0000 35 2 2 25 0 248 25 26.27
